<?xml version="1.0" encoding="utf-8"?>
<?AutomationStudio Version="4.10.2.37"?>
<Objects>
  <Object
    Path="C:\Users\Shawn\Documents\GitHub\Dietrich Brewery\Logical\Package.pkg"
    LogicalPath=""
    Type="Package.ParentUnknown"
    LastWriteTime="132813791712094897" />
  <Object
    Path="C:\Users\Shawn\Documents\GitHub\Dietrich Brewery\Temp\Includes\AS_TempDecl\Config1\GlobalComponents\MpComponents.var"
    LogicalPath="MpComponents.var"
    Type="File"
    LastWriteTime="132813761495251703"
    Private="false" />
  <Object
    Path="C:\Users\Shawn\Documents\GitHub\Dietrich Brewery\Logical\Global.typ"
    LogicalPath="Global.typ"
    Type="File"
    LastWriteTime="132813836686870656"
    Private="false" />
  <Object
    Path="C:\Users\Shawn\Documents\GitHub\Dietrich Brewery\Logical\Global.var"
    LogicalPath="Global.var"
    Type="File"
    LastWriteTime="132813837554598974"
    Private="false" />
  <Object
    Path="C:\Users\Shawn\Documents\GitHub\Dietrich Brewery\Logical\Libraries\Package.pkg"
    LogicalPath="Libraries"
    Type="Package"
    LastWriteTime="132813751193367447" />
  <Object
    Path="C:\Users\Shawn\Documents\GitHub\Dietrich Brewery\Logical\Libraries\operator\binary.lby"
    LogicalPath="Libraries.operator"
    Type="Library"
    LastWriteTime="132813751212828979" />
  <Object
    Path="C:\Users\Shawn\Documents\GitHub\Dietrich Brewery\Logical\Libraries\operator\operator.fun"
    LogicalPath="Libraries.operator.operator.fun"
    Type="File"
    LastWriteTime="132813751212958193"
    Private="false" />
  <Object
    Path="C:\Users\Shawn\Documents\GitHub\Dietrich Brewery\Logical\Libraries\operator\operator.typ"
    LogicalPath="Libraries.operator.operator.typ"
    Type="File"
    LastWriteTime="132813751213077957"
    Private="false" />
  <Object
    Path="C:\Users\Shawn\Documents\GitHub\Dietrich Brewery\Logical\Libraries\operator\operator.var"
    LogicalPath="Libraries.operator.operator.var"
    Type="File"
    LastWriteTime="132813751213188254"
    Private="false" />
  <Object
    Path="C:\Users\Shawn\Documents\GitHub\Dietrich Brewery\Logical\Libraries\runtime\binary.lby"
    LogicalPath="Libraries.runtime"
    Type="Library"
    LastWriteTime="132813751213756571" />
  <Object
    Path="C:\Users\Shawn\Documents\GitHub\Dietrich Brewery\Logical\Libraries\runtime\runtime.fun"
    LogicalPath="Libraries.runtime.runtime.fun"
    Type="File"
    LastWriteTime="132813751213876356"
    Private="false" />
  <Object
    Path="C:\Users\Shawn\Documents\GitHub\Dietrich Brewery\Logical\Libraries\runtime\runtime.typ"
    LogicalPath="Libraries.runtime.runtime.typ"
    Type="File"
    LastWriteTime="132813751213996124"
    Private="false" />
  <Object
    Path="C:\Users\Shawn\Documents\GitHub\Dietrich Brewery\Logical\Libraries\runtime\runtime.var"
    LogicalPath="Libraries.runtime.runtime.var"
    Type="File"
    LastWriteTime="132813751214105904"
    Private="false" />
  <Object
    Path="C:\Users\Shawn\Documents\GitHub\Dietrich Brewery\Logical\Libraries\astime\binary.lby"
    LogicalPath="Libraries.astime"
    Type="Library"
    LastWriteTime="132813751211241626" />
  <Object
    Path="C:\Users\Shawn\Documents\GitHub\Dietrich Brewery\Logical\Libraries\astime\astime.fun"
    LogicalPath="Libraries.astime.astime.fun"
    Type="File"
    LastWriteTime="132813751210902300"
    Private="false" />
  <Object
    Path="C:\Users\Shawn\Documents\GitHub\Dietrich Brewery\Logical\Libraries\astime\astime.typ"
    LogicalPath="Libraries.astime.astime.typ"
    Type="File"
    LastWriteTime="132813751211012079"
    Private="false" />
  <Object
    Path="C:\Users\Shawn\Documents\GitHub\Dietrich Brewery\Logical\Libraries\astime\astime.var"
    LogicalPath="Libraries.astime.astime.var"
    Type="File"
    LastWriteTime="132813751211121851"
    Private="false" />
  <Object
    Path="C:\Users\Shawn\Documents\GitHub\Dietrich Brewery\Logical\Libraries\AsIecCon\binary.lby"
    LogicalPath="Libraries.AsIecCon"
    Type="Library"
    LastWriteTime="132813751197229706" />
  <Object
    Path="C:\Users\Shawn\Documents\GitHub\Dietrich Brewery\Logical\Libraries\AsIecCon\AsIecCon.fun"
    LogicalPath="Libraries.AsIecCon.AsIecCon.fun"
    Type="File"
    LastWriteTime="132813751196800571"
    Private="false" />
  <Object
    Path="C:\Users\Shawn\Documents\GitHub\Dietrich Brewery\Logical\Libraries\AsIecCon\AsIecCon.typ"
    LogicalPath="Libraries.AsIecCon.AsIecCon.typ"
    Type="File"
    LastWriteTime="132813751196990191"
    Private="false" />
  <Object
    Path="C:\Users\Shawn\Documents\GitHub\Dietrich Brewery\Logical\Libraries\AsIecCon\AsIecCon.var"
    LogicalPath="Libraries.AsIecCon.AsIecCon.var"
    Type="File"
    LastWriteTime="132813751197109945"
    Private="false" />
  <Object
    Path="C:\Users\Shawn\Documents\GitHub\Dietrich Brewery\Logical\Libraries\MpTemp\Binary.lby"
    LogicalPath="Libraries.MpTemp"
    Type="Library"
    LastWriteTime="132813751207648819" />
  <Object
    Path="C:\Users\Shawn\Documents\GitHub\Dietrich Brewery\Logical\Libraries\MpTemp\MpTemp.var"
    LogicalPath="Libraries.MpTemp.MpTemp.var"
    Type="File"
    LastWriteTime="132813751207978161"
    Private="false" />
  <Object
    Path="C:\Users\Shawn\Documents\GitHub\Dietrich Brewery\Logical\Libraries\MpTemp\MpTemp.typ"
    LogicalPath="Libraries.MpTemp.MpTemp.typ"
    Type="File"
    LastWriteTime="132813751207868387"
    Private="false" />
  <Object
    Path="C:\Users\Shawn\Documents\GitHub\Dietrich Brewery\Logical\Libraries\MpTemp\MpTempError.typ"
    LogicalPath="Libraries.MpTemp.MpTempError.typ"
    Type="File"
    LastWriteTime="132813751208237646"
    Private="false" />
  <Object
    Path="C:\Users\Shawn\Documents\GitHub\Dietrich Brewery\Logical\Libraries\MpTemp\MpTempAlarm.typ"
    LogicalPath="Libraries.MpTemp.MpTempAlarm.typ"
    Type="File"
    LastWriteTime="132813751208097943"
    Private="false" />
  <Object
    Path="C:\Users\Shawn\Documents\GitHub\Dietrich Brewery\Logical\Libraries\MpTemp\MpTemp.fun"
    LogicalPath="Libraries.MpTemp.MpTemp.fun"
    Type="File"
    LastWriteTime="132813751207758597"
    Private="false" />
  <Object
    Path="C:\Users\Shawn\Documents\GitHub\Dietrich Brewery\Logical\Libraries\MpBase\Binary.lby"
    LogicalPath="Libraries.MpBase"
    Type="Library"
    LastWriteTime="132813751205752620" />
  <Object
    Path="C:\Users\Shawn\Documents\GitHub\Dietrich Brewery\Logical\Libraries\MpBase\MpBase.typ"
    LogicalPath="Libraries.MpBase.MpBase.typ"
    Type="File"
    LastWriteTime="132813751206201772"
    Private="false" />
  <Object
    Path="C:\Users\Shawn\Documents\GitHub\Dietrich Brewery\Logical\Libraries\MpBase\MpBase.var"
    LogicalPath="Libraries.MpBase.MpBase.var"
    Type="File"
    LastWriteTime="132813751206311508"
    Private="false" />
  <Object
    Path="C:\Users\Shawn\Documents\GitHub\Dietrich Brewery\Logical\Libraries\MpBase\MpBase.fun"
    LogicalPath="Libraries.MpBase.MpBase.fun"
    Type="File"
    LastWriteTime="132813751206052024"
    Private="false" />
  <Object
    Path="C:\Users\Shawn\Documents\GitHub\Dietrich Brewery\Logical\Libraries\MpBase\Common_EventLog.tmx"
    LogicalPath="Libraries.MpBase.Common_EventLog.tmx"
    Type="File"
    LastWriteTime="132813751205872410"
    Private="false" />
  <Object
    Path="C:\Users\Shawn\Documents\GitHub\Dietrich Brewery\Logical\Libraries\MTBasics\binary.lby"
    LogicalPath="Libraries.MTBasics"
    Type="Library"
    LastWriteTime="132813751202958241" />
  <Object
    Path="C:\Users\Shawn\Documents\GitHub\Dietrich Brewery\Logical\Libraries\MTBasics\MTBasics.fun"
    LogicalPath="Libraries.MTBasics.MTBasics.fun"
    Type="File"
    LastWriteTime="132813751202109924"
    Private="false" />
  <Object
    Path="C:\Users\Shawn\Documents\GitHub\Dietrich Brewery\Logical\Libraries\MTBasics\MTBasics.typ"
    LogicalPath="Libraries.MTBasics.MTBasics.typ"
    Type="File"
    LastWriteTime="132813751202728703"
    Private="false" />
  <Object
    Path="C:\Users\Shawn\Documents\GitHub\Dietrich Brewery\Logical\Libraries\MTBasics\MTBasics.var"
    LogicalPath="Libraries.MTBasics.MTBasics.var"
    Type="File"
    LastWriteTime="132813751202850992"
    Private="false" />
  <Object
    Path="C:\Users\Shawn\Documents\GitHub\Dietrich Brewery\Logical\Libraries\brsystem\binary.lby"
    LogicalPath="Libraries.brsystem"
    Type="Library"
    LastWriteTime="132813751211860397" />
  <Object
    Path="C:\Users\Shawn\Documents\GitHub\Dietrich Brewery\Logical\Libraries\brsystem\brsystem.fun"
    LogicalPath="Libraries.brsystem.brsystem.fun"
    Type="File"
    LastWriteTime="132813751211980143"
    Private="false" />
  <Object
    Path="C:\Users\Shawn\Documents\GitHub\Dietrich Brewery\Logical\Libraries\brsystem\brsystem.typ"
    LogicalPath="Libraries.brsystem.brsystem.typ"
    Type="File"
    LastWriteTime="132813751212099912"
    Private="false" />
  <Object
    Path="C:\Users\Shawn\Documents\GitHub\Dietrich Brewery\Logical\Libraries\brsystem\brsystem.var"
    LogicalPath="Libraries.brsystem.brsystem.var"
    Type="File"
    LastWriteTime="132813751212220204"
    Private="false" />
  <Object
    Path="C:\Users\Shawn\Documents\GitHub\Dietrich Brewery\Logical\Libraries\sys_lib\binary.lby"
    LogicalPath="Libraries.sys_lib"
    Type="Library"
    LastWriteTime="132813751215642807" />
  <Object
    Path="C:\Users\Shawn\Documents\GitHub\Dietrich Brewery\Logical\Libraries\sys_lib\sys_lib.fun"
    LogicalPath="Libraries.sys_lib.sys_lib.fun"
    Type="File"
    LastWriteTime="132813751215762560"
    Private="false" />
  <Object
    Path="C:\Users\Shawn\Documents\GitHub\Dietrich Brewery\Logical\Libraries\sys_lib\sys_lib.typ"
    LogicalPath="Libraries.sys_lib.sys_lib.typ"
    Type="File"
    LastWriteTime="132813751215882323"
    Private="false" />
  <Object
    Path="C:\Users\Shawn\Documents\GitHub\Dietrich Brewery\Logical\Libraries\sys_lib\sys_lib.var"
    LogicalPath="Libraries.sys_lib.sys_lib.var"
    Type="File"
    LastWriteTime="132813751216002077"
    Private="false" />
  <Object
    Path="C:\Users\Shawn\Documents\GitHub\Dietrich Brewery\Logical\Libraries\MTTypes\binary.lby"
    LogicalPath="Libraries.MTTypes"
    Type="Library"
    LastWriteTime="132813751204565003" />
  <Object
    Path="C:\Users\Shawn\Documents\GitHub\Dietrich Brewery\Logical\Libraries\MTTypes\MTTypes.fun"
    LogicalPath="Libraries.MTTypes.MTTypes.fun"
    Type="File"
    LastWriteTime="132813751204165802"
    Private="false" />
  <Object
    Path="C:\Users\Shawn\Documents\GitHub\Dietrich Brewery\Logical\Libraries\MTTypes\MTTypes.typ"
    LogicalPath="Libraries.MTTypes.MTTypes.typ"
    Type="File"
    LastWriteTime="132813751204335463"
    Private="false" />
  <Object
    Path="C:\Users\Shawn\Documents\GitHub\Dietrich Brewery\Logical\Libraries\MTTypes\MTTypes.var"
    LogicalPath="Libraries.MTTypes.MTTypes.var"
    Type="File"
    LastWriteTime="132813751204455220"
    Private="false" />
  <Object
    Path="C:\Users\Shawn\Documents\GitHub\Dietrich Brewery\Logical\Libraries\Functions\IEC.lby"
    LogicalPath="Libraries.Functions"
    Type="Library"
    LastWriteTime="132813751198437288" />
  <Object
    Path="C:\Users\Shawn\Documents\GitHub\Dietrich Brewery\Logical\Libraries\Functions\Types.typ"
    LogicalPath="Libraries.Functions.Types.typ"
    Type="File"
    LastWriteTime="132813751199275602"
    Private="false" />
  <Object
    Path="C:\Users\Shawn\Documents\GitHub\Dietrich Brewery\Logical\Libraries\Functions\Constants.var"
    LogicalPath="Libraries.Functions.Constants.var"
    Type="File"
    LastWriteTime="132813751197908341"
    Private="false" />
  <Object
    Path="C:\Users\Shawn\Documents\GitHub\Dietrich Brewery\Logical\Libraries\Functions\Functions.fun"
    LogicalPath="Libraries.Functions.Functions.fun"
    Type="File"
    LastWriteTime="132813751198187788"
    Private="false" />
  <Object
    Path="C:\Users\Shawn\Documents\GitHub\Dietrich Brewery\Logical\Libraries\Functions\Device.st"
    LogicalPath="Libraries.Functions.Device.st"
    Type="File"
    LastWriteTime="132813751198048075"
    Private="false" />
  <Object
    Path="C:\Users\Shawn\Documents\GitHub\Dietrich Brewery\Logical\Libraries\standard\binary.lby"
    LogicalPath="Libraries.standard"
    Type="Library"
    LastWriteTime="132813751214694696" />
  <Object
    Path="C:\Users\Shawn\Documents\GitHub\Dietrich Brewery\Logical\Libraries\standard\standard.fun"
    LogicalPath="Libraries.standard.standard.fun"
    Type="File"
    LastWriteTime="132813751214804478"
    Private="false" />
  <Object
    Path="C:\Users\Shawn\Documents\GitHub\Dietrich Brewery\Logical\Libraries\standard\standard.typ"
    LogicalPath="Libraries.standard.standard.typ"
    Type="File"
    LastWriteTime="132813751214924237"
    Private="false" />
  <Object
    Path="C:\Users\Shawn\Documents\GitHub\Dietrich Brewery\Logical\Libraries\standard\standard.var"
    LogicalPath="Libraries.standard.standard.var"
    Type="File"
    LastWriteTime="132813751215034025"
    Private="false" />
  <Object
    Path="C:\Users\Shawn\Documents\GitHub\Dietrich Brewery\Logical\Libraries\AsIODiag\binary.lby"
    LogicalPath="Libraries.AsIODiag"
    Type="Library"
    LastWriteTime="132813751195932308" />
  <Object
    Path="C:\Users\Shawn\Documents\GitHub\Dietrich Brewery\Logical\Libraries\AsIODiag\AsIODiag.fun"
    LogicalPath="Libraries.AsIODiag.AsIODiag.fun"
    Type="File"
    LastWriteTime="132813751194714811"
    Private="false" />
  <Object
    Path="C:\Users\Shawn\Documents\GitHub\Dietrich Brewery\Logical\Libraries\AsIODiag\AsIODiag.typ"
    LogicalPath="Libraries.AsIODiag.AsIODiag.typ"
    Type="File"
    LastWriteTime="132813751195672830"
    Private="false" />
  <Object
    Path="C:\Users\Shawn\Documents\GitHub\Dietrich Brewery\Logical\Libraries\AsIODiag\AsIODiag.var"
    LogicalPath="Libraries.AsIODiag.AsIODiag.var"
    Type="File"
    LastWriteTime="132813751195812540"
    Private="false" />
  <Object
    Path="C:\Users\Shawn\Documents\GitHub\Dietrich Brewery\Logical\ProcessControl\Package.pkg"
    LogicalPath="ProcessControl"
    Type="Package"
    LastWriteTime="132813751219255566" />
  <Object
    Path="C:\Users\Shawn\Documents\GitHub\Dietrich Brewery\Logical\ProcessControl\HLT\IEC.prg"
    LogicalPath="ProcessControl.HLT"
    Type="Program"
    LastWriteTime="132813751219505081" />
  <Object
    Path="C:\Users\Shawn\Documents\GitHub\Dietrich Brewery\Logical\ProcessControl\HLT\Main.st"
    LogicalPath="ProcessControl.HLT.Main.st"
    Type="File"
    LastWriteTime="132813873776681297"
    Private="false" />
  <Object
    Path="C:\Users\Shawn\Documents\GitHub\Dietrich Brewery\Logical\ProcessControl\HLT\Types.typ"
    LogicalPath="ProcessControl.HLT.Types.typ"
    Type="File"
    LastWriteTime="132813797597578828"
    Private="true" />
  <Object
    Path="C:\Users\Shawn\Documents\GitHub\Dietrich Brewery\Logical\ProcessControl\HLT\Variables.var"
    LogicalPath="ProcessControl.HLT.Variables.var"
    Type="File"
    LastWriteTime="132813798106764132"
    Private="true" />
  <Object
    Path="C:\Users\Shawn\Documents\GitHub\Dietrich Brewery\Logical\ProcessControl\Kettle\IEC.prg"
    LogicalPath="ProcessControl.Kettle"
    Type="Program"
    LastWriteTime="132813751220173737" />
  <Object
    Path="C:\Users\Shawn\Documents\GitHub\Dietrich Brewery\Logical\ProcessControl\Kettle\Main.st"
    LogicalPath="ProcessControl.Kettle.Main.st"
    Type="File"
    LastWriteTime="132813821722416787"
    Private="false" />
  <Object
    Path="C:\Users\Shawn\Documents\GitHub\Dietrich Brewery\Logical\ProcessControl\Kettle\Types.typ"
    LogicalPath="ProcessControl.Kettle.Types.typ"
    Type="File"
    LastWriteTime="132813751220423237"
    Private="true" />
  <Object
    Path="C:\Users\Shawn\Documents\GitHub\Dietrich Brewery\Logical\ProcessControl\Kettle\Variables.var"
    LogicalPath="ProcessControl.Kettle.Variables.var"
    Type="File"
    LastWriteTime="132813821722498499"
    Private="true" />
  <Object
    Path="C:\Users\Shawn\Documents\GitHub\Dietrich Brewery\Logical\Brewing\Package.pkg"
    LogicalPath="Brewing"
    Type="Package"
    LastWriteTime="132813751189904383" />
  <Object
    Path="C:\Users\Shawn\Documents\GitHub\Dietrich Brewery\Logical\Brewing\BrewingSeq\IEC.prg"
    LogicalPath="Brewing.BrewingSeq"
    Type="Program"
    LastWriteTime="132813751190573036" />
  <Object
    Path="C:\Users\Shawn\Documents\GitHub\Dietrich Brewery\Logical\Brewing\BrewingSeq\Main.st"
    LogicalPath="Brewing.BrewingSeq.Main.st"
    Type="File"
    LastWriteTime="132813809725602502"
    Private="false" />
  <Object
    Path="C:\Users\Shawn\Documents\GitHub\Dietrich Brewery\Logical\Brewing\BrewingSeq\Types.typ"
    LogicalPath="Brewing.BrewingSeq.Types.typ"
    Type="File"
    LastWriteTime="132813751190892398"
    Private="true" />
  <Object
    Path="C:\Users\Shawn\Documents\GitHub\Dietrich Brewery\Logical\Brewing\BrewingSeq\Variables.var"
    LogicalPath="Brewing.BrewingSeq.Variables.var"
    Type="File"
    LastWriteTime="132813751191012177"
    Private="true" />
  <Object
    Path="C:\Users\Shawn\Documents\GitHub\Dietrich Brewery\Logical\Fermenting\Package.pkg"
    LogicalPath="Fermenting"
    Type="Package"
    LastWriteTime="132813751192080053" />
  <Object
    Path="C:\Users\Shawn\Documents\GitHub\Dietrich Brewery\Logical\Distilling\Package.pkg"
    LogicalPath="Distilling"
    Type="Package"
    LastWriteTime="132813751191810558" />
  <Object
    Path="C:\Users\Shawn\Documents\GitHub\Dietrich Brewery\Logical\HMIControl\Package.pkg"
    LogicalPath="HMIControl"
    Type="Package"
    LastWriteTime="132813751192459257" />
  <Object
    Path="C:\Users\Shawn\Documents\GitHub\Dietrich Brewery\Logical\HMIControl\HMIProgram\IEC.prg"
    LogicalPath="HMIControl.HMIProgram"
    Type="Program"
    LastWriteTime="132813751192698779" />
  <Object
    Path="C:\Users\Shawn\Documents\GitHub\Dietrich Brewery\Logical\HMIControl\HMIProgram\Main.st"
    LogicalPath="HMIControl.HMIProgram.Main.st"
    Type="File"
    LastWriteTime="132813813885937662"
    Private="false" />
  <Object
    Path="C:\Users\Shawn\Documents\GitHub\Dietrich Brewery\Logical\HMIControl\HMIProgram\Types.typ"
    LogicalPath="HMIControl.HMIProgram.Types.typ"
    Type="File"
    LastWriteTime="132813751192938303"
    Private="true" />
  <Object
    Path="C:\Users\Shawn\Documents\GitHub\Dietrich Brewery\Logical\HMIControl\HMIProgram\Variables.var"
    LogicalPath="HMIControl.HMIProgram.Variables.var"
    Type="File"
    LastWriteTime="132813751193058060"
    Private="true" />
  <Object
    Path="C:\Users\Shawn\Documents\GitHub\Dietrich Brewery\Logical\mappView\Package.pkg"
    LogicalPath="mappView"
    Type="Package"
    LastWriteTime="132813751221301486" />
  <Object
    Path="C:\Users\Shawn\Documents\GitHub\Dietrich Brewery\Logical\mappView\Layouts\Package.pkg"
    LogicalPath="mappView.Layouts"
    Type="Package"
    LastWriteTime="132813751224295490" />
  <Object
    Path="C:\Users\Shawn\Documents\GitHub\Dietrich Brewery\Logical\mappView\Layouts\Layout.layout"
    LogicalPath="mappView.Layouts.Layout.layout"
    Type="File"
    LastWriteTime="132813751221511039"
    Private="false" />
  <Object
    Path="C:\Users\Shawn\Documents\GitHub\Dietrich Brewery\Logical\mappView\Widgets\Package.pkg"
    LogicalPath="mappView.Widgets"
    Type="Package"
    LastWriteTime="132813751264514865" />
  <Object
    Path="C:\Users\Shawn\Documents\GitHub\Dietrich Brewery\Logical\mappView\Widgets\CustomWidgets\Package.pkg"
    LogicalPath="mappView.Widgets.CustomWidgets"
    Type="Package"
    LastWriteTime="132813842305455470" />
  <Object
    Path="C:\Users\Shawn\Documents\GitHub\Dietrich Brewery\Logical\mappView\Widgets\CustomWidgets\Description.widgetlibrary"
    LogicalPath="mappView.Widgets.CustomWidgets.Description.widgetlibrary"
    Type="File"
    LastWriteTime="132813751266530847"
    Private="false" />
  <Object
    Path="C:\Users\Shawn\Documents\GitHub\Dietrich Brewery\Logical\mappView\Widgets\CustomWidgets\Resources\Package.pkg"
    LogicalPath="mappView.Widgets.CustomWidgets.Resources"
    Type="Package"
    LastWriteTime="132813751273806264" />
  <Object
    Path="C:\Users\Shawn\Documents\GitHub\Dietrich Brewery\Logical\mappView\Widgets\CustomWidgets\Resources\Texts\Package.pkg"
    LogicalPath="mappView.Widgets.CustomWidgets.Resources.Texts"
    Type="Package"
    LastWriteTime="132813751274405039" />
  <Object
    Path="C:\Users\Shawn\Documents\GitHub\Dietrich Brewery\Logical\mappView\Widgets\CustomWidgets\Resources\Media\Package.pkg"
    LogicalPath="mappView.Widgets.CustomWidgets.Resources.Media"
    Type="Package"
    LastWriteTime="132813751274075703" />
  <Object
    Path="C:\Users\Shawn\Documents\GitHub\Dietrich Brewery\Logical\mappView\Widgets\CustomWidgets\GreenStatusIndictors\Package.pkg"
    LogicalPath="mappView.Widgets.CustomWidgets.GreenStatusIndictors"
    Type="Package"
    LastWriteTime="132813751274694478" />
  <Object
    Path="C:\Users\Shawn\Documents\GitHub\Dietrich Brewery\Logical\mappView\Widgets\CustomWidgets\GreenStatusIndictors\Widget.compoundwidget"
    LogicalPath="mappView.Widgets.CustomWidgets.GreenStatusIndictors.Widget.compoundwidget"
    Type="File"
    LastWriteTime="132813842901346196"
    Private="false" />
  <Object
    Path="C:\Users\Shawn\Documents\GitHub\Dietrich Brewery\Logical\mappView\Widgets\CustomWidgets\RedStatusIndictors\Package.pkg"
    LogicalPath="mappView.Widgets.CustomWidgets.RedStatusIndictors"
    Type="Package"
    LastWriteTime="132813842113270593" />
  <Object
    Path="C:\Users\Shawn\Documents\GitHub\Dietrich Brewery\Logical\mappView\Widgets\CustomWidgets\RedStatusIndictors\Widget.compoundwidget"
    LogicalPath="mappView.Widgets.CustomWidgets.RedStatusIndictors.Widget.compoundwidget"
    Type="File"
    LastWriteTime="132813842814522472"
    Private="false" />
  <Object
    Path="C:\Users\Shawn\Documents\GitHub\Dietrich Brewery\Logical\mappView\Resources\Package.pkg"
    LogicalPath="mappView.Resources"
    Type="Package"
    LastWriteTime="132813751225094079" />
  <Object
    Path="C:\Users\Shawn\Documents\GitHub\Dietrich Brewery\Logical\mappView\Resources\Texts\Package.pkg"
    LogicalPath="mappView.Resources.Texts"
    Type="Package"
    LastWriteTime="132813751228267500" />
  <Object
    Path="C:\Users\Shawn\Documents\GitHub\Dietrich Brewery\Logical\mappView\Resources\Snippets\Package.pkg"
    LogicalPath="mappView.Resources.Snippets"
    Type="Package"
    LastWriteTime="132813751227668715" />
  <Object
    Path="C:\Users\Shawn\Documents\GitHub\Dietrich Brewery\Logical\mappView\Resources\Themes\Package.pkg"
    LogicalPath="mappView.Resources.Themes"
    Type="Package"
    LastWriteTime="132813751229105822" />
  <Object
    Path="C:\Users\Shawn\Documents\GitHub\Dietrich Brewery\Logical\mappView\Resources\Media\Package.pkg"
    LogicalPath="mappView.Resources.Media"
    Type="Package"
    LastWriteTime="132813751225383290" />
  <Object
    Path="C:\Users\Shawn\Documents\GitHub\Dietrich Brewery\Logical\mappView\Visualization\Package.pkg"
    LogicalPath="mappView.Visualization"
    Type="Package"
    LastWriteTime="132813751229794448" />
  <Object
    Path="C:\Users\Shawn\Documents\GitHub\Dietrich Brewery\Logical\mappView\Visualization\Pages\Package.pkg"
    LogicalPath="mappView.Visualization.Pages"
    Type="Package"
    LastWriteTime="132813751248626710" />
  <Object
    Path="C:\Users\Shawn\Documents\GitHub\Dietrich Brewery\Logical\mappView\Visualization\Pages\AreaContents\Package.pkg"
    LogicalPath="mappView.Visualization.Pages.AreaContents"
    Type="Package"
    LastWriteTime="132813751249135688" />
  <Object
    Path="C:\Users\Shawn\Documents\GitHub\Dietrich Brewery\Logical\mappView\Visualization\Pages\Main\Package.pkg"
    LogicalPath="mappView.Visualization.Pages.Main"
    Type="Package"
    LastWriteTime="132813751252598943" />
  <Object
    Path="C:\Users\Shawn\Documents\GitHub\Dietrich Brewery\Logical\mappView\Visualization\Pages\Main\Main.page"
    LogicalPath="mappView.Visualization.Pages.Main.Main.page"
    Type="File"
    LastWriteTime="132813869038137623"
    Private="false" />
  <Object
    Path="C:\Users\Shawn\Documents\GitHub\Dietrich Brewery\Logical\mappView\Visualization\Pages\Main\Content.content"
    LogicalPath="mappView.Visualization.Pages.Main.Content.content"
    Type="File"
    LastWriteTime="132813866302813119"
    Private="false" />
  <Object
    Path="C:\Users\Shawn\Documents\GitHub\Dietrich Brewery\Logical\mappView\Visualization\Variables\Package.pkg"
    LogicalPath="mappView.Visualization.Variables"
    Type="Package"
    LastWriteTime="132813751257838261" />
  <Object
    Path="C:\Users\Shawn\Documents\GitHub\Dietrich Brewery\Logical\mappView\Visualization\Expressions\Package.pkg"
    LogicalPath="mappView.Visualization.Expressions"
    Type="Package"
    LastWriteTime="132813751235722562" />
  <Object
    Path="C:\Users\Shawn\Documents\GitHub\Dietrich Brewery\Logical\mappView\Visualization\Layouts\Package.pkg"
    LogicalPath="mappView.Visualization.Layouts"
    Type="Package"
    LastWriteTime="132813751241910160" />
  <Object
    Path="C:\Users\Shawn\Documents\GitHub\Dietrich Brewery\Logical\mappView\Visualization\Dialogs\Package.pkg"
    LogicalPath="mappView.Visualization.Dialogs"
    Type="Package"
    LastWriteTime="132813751231111802" />
  <Object
    Path="C:\Users\Shawn\Documents\GitHub\Dietrich Brewery\Logical\mappView\Visualization\Dialogs\AreaContents\Package.pkg"
    LogicalPath="mappView.Visualization.Dialogs.AreaContents"
    Type="Package"
    LastWriteTime="132813751232070228" />
  <Object
    Path="C:\Users\Shawn\Documents\GitHub\Dietrich Brewery\Logical\mappView\Visualization\Resources\Package.pkg"
    LogicalPath="mappView.Visualization.Resources"
    Type="Package"
    LastWriteTime="132813751254355248" />
  <Object
    Path="C:\Users\Shawn\Documents\GitHub\Dietrich Brewery\Logical\mappView\Visualization\Resources\Texts\Package.pkg"
    LogicalPath="mappView.Visualization.Resources.Texts"
    Type="Package"
    LastWriteTime="132813751255403127" />
  <Object
    Path="C:\Users\Shawn\Documents\GitHub\Dietrich Brewery\Logical\mappView\Visualization\Resources\Snippets\Package.pkg"
    LogicalPath="mappView.Visualization.Resources.Snippets"
    Type="Package"
    LastWriteTime="132813751254884320" />
  <Object
    Path="C:\Users\Shawn\Documents\GitHub\Dietrich Brewery\Physical\Config1\Config.pkg"
    LogicalPath="Config1"
    Type="Configuration.ParentUnknown"
    LastWriteTime="132813751293227324" />
  <Object
    Path="C:\Users\Shawn\Documents\GitHub\Dietrich Brewery\Physical\Config1\Hardware.hw"
    LogicalPath="Config1.Hardware.hw"
    Type="File"
    LastWriteTime="132813853787007229"
    Private="false" />
  <Object
    Path="C:\Users\Shawn\Documents\GitHub\Dietrich Brewery\Physical\Config1\Hardware.hwl"
    LogicalPath="Config1.Hardware.hwl"
    Type="File"
    LastWriteTime="132813751293616537"
    Private="false" />
  <Object
    Path="C:\Users\Shawn\Documents\GitHub\Dietrich Brewery\Physical\Config1\X20CP0482\Cpu.pkg"
    LogicalPath="Config1.X20CP0482"
    Type="Cpu"
    LastWriteTime="132813873453957638" />
  <Object
    Path="C:\Users\Shawn\Documents\GitHub\Dietrich Brewery\Physical\Config1\X20CP0482\Cpu.sw"
    LogicalPath="Config1.X20CP0482.Cpu.sw"
    Type="File"
    LastWriteTime="132813791714907400"
    Private="false" />
  <Object
    Path="C:\Users\Shawn\Documents\GitHub\Dietrich Brewery\Physical\Config1\X20CP0482\Cpu.per"
    LogicalPath="Config1.X20CP0482.Cpu.per"
    Type="File"
    LastWriteTime="132813751296101563"
    Private="false" />
  <Object
    Path="C:\Users\Shawn\Documents\GitHub\Dietrich Brewery\Physical\Config1\X20CP0482\IoMap.iom"
    LogicalPath="Config1.X20CP0482.IoMap.iom"
    Type="File"
    LastWriteTime="132813751298207353"
    Private="false" />
  <Object
    Path="C:\Users\Shawn\Documents\GitHub\Dietrich Brewery\Physical\Config1\X20CP0482\PvMap.vvm"
    LogicalPath="Config1.X20CP0482.PvMap.vvm"
    Type="File"
    LastWriteTime="132813751298357103"
    Private="false" />
  <Object
    Path="C:\Users\Shawn\Documents\GitHub\Dietrich Brewery\Physical\Config1\X20CP0482\Connectivity\Package.pkg"
    LogicalPath="Config1.X20CP0482.Connectivity"
    Type="Package"
    LastWriteTime="132813751328307031" />
  <Object
    Path="C:\Users\Shawn\Documents\GitHub\Dietrich Brewery\Physical\Config1\X20CP0482\Connectivity\OpcUA\Package.pkg"
    LogicalPath="Config1.X20CP0482.Connectivity.OpcUA"
    Type="Package"
    LastWriteTime="132813751330382859" />
  <Object
    Path="C:\Users\Shawn\Documents\GitHub\Dietrich Brewery\Physical\Config1\X20CP0482\Connectivity\OpcUA\OpcUaMap.uad"
    LogicalPath="Config1.X20CP0482.Connectivity.OpcUA.OpcUaMap.uad"
    Type="File"
    LastWriteTime="132813861837577391"
    Private="false" />
  <Object
    Path="C:\Users\Shawn\Documents\GitHub\Dietrich Brewery\Physical\Config1\X20CP0482\TextSystem\Package.pkg"
    LogicalPath="Config1.X20CP0482.TextSystem"
    Type="Package"
    LastWriteTime="132813751335113388" />
  <Object
    Path="C:\Users\Shawn\Documents\GitHub\Dietrich Brewery\Physical\Config1\X20CP0482\UnitSystem\Package.pkg"
    LogicalPath="Config1.X20CP0482.UnitSystem"
    Type="Package"
    LastWriteTime="132813751340891810" />
  <Object
    Path="C:\Users\Shawn\Documents\GitHub\Dietrich Brewery\Physical\Config1\X20CP0482\AccessAndSecurity\Package.pkg"
    LogicalPath="Config1.X20CP0482.AccessAndSecurity"
    Type="Package"
    LastWriteTime="132813751303866022" />
  <Object
    Path="C:\Users\Shawn\Documents\GitHub\Dietrich Brewery\Physical\Config1\X20CP0482\AccessAndSecurity\UserRoleSystem\Package.pkg"
    LogicalPath="Config1.X20CP0482.AccessAndSecurity.UserRoleSystem"
    Type="Package"
    LastWriteTime="132813751327708225" />
  <Object
    Path="C:\Users\Shawn\Documents\GitHub\Dietrich Brewery\Physical\Config1\X20CP0482\AccessAndSecurity\UserRoleSystem\Role.role"
    LogicalPath="Config1.X20CP0482.AccessAndSecurity.UserRoleSystem.Role.role"
    Type="File"
    LastWriteTime="132813751327837964"
    Private="false" />
  <Object
    Path="C:\Users\Shawn\Documents\GitHub\Dietrich Brewery\Physical\Config1\X20CP0482\AccessAndSecurity\UserRoleSystem\User.user"
    LogicalPath="Config1.X20CP0482.AccessAndSecurity.UserRoleSystem.User.user"
    Type="File"
    LastWriteTime="132813751328027588"
    Private="false" />
  <Object
    Path="C:\Users\Shawn\Documents\GitHub\Dietrich Brewery\Physical\Config1\X20CP0482\AccessAndSecurity\CertificateStore\Package.pkg"
    LogicalPath="Config1.X20CP0482.AccessAndSecurity.CertificateStore"
    Type="Package"
    LastWriteTime="132813751306630534" />
  <Object
    Path="C:\Users\Shawn\Documents\GitHub\Dietrich Brewery\Physical\Config1\X20CP0482\AccessAndSecurity\CertificateStore\OwnCertificates\Package.pkg"
    LogicalPath="Config1.X20CP0482.AccessAndSecurity.CertificateStore.OwnCertificates"
    Type="Package"
    LastWriteTime="132813751311430833" />
  <Object
    Path="C:\Users\Shawn\Documents\GitHub\Dietrich Brewery\Physical\Config1\X20CP0482\AccessAndSecurity\CertificateStore\OwnCertificates\Certificates\Package.pkg"
    LogicalPath="Config1.X20CP0482.AccessAndSecurity.CertificateStore.OwnCertificates.Certificates"
    Type="Package"
    LastWriteTime="132813751314914233" />
  <Object
    Path="C:\Users\Shawn\Documents\GitHub\Dietrich Brewery\Physical\Config1\X20CP0482\AccessAndSecurity\CertificateStore\OwnCertificates\PrivateKeys\Package.pkg"
    LogicalPath="Config1.X20CP0482.AccessAndSecurity.CertificateStore.OwnCertificates.PrivateKeys"
    Type="Package"
    LastWriteTime="132813751317668352" />
  <Object
    Path="C:\Users\Shawn\Documents\GitHub\Dietrich Brewery\Physical\Config1\X20CP0482\AccessAndSecurity\CertificateStore\ThirdPartyCertificates\Package.pkg"
    LogicalPath="Config1.X20CP0482.AccessAndSecurity.CertificateStore.ThirdPartyCertificates"
    Type="Package"
    LastWriteTime="132813751317937812" />
  <Object
    Path="C:\Users\Shawn\Documents\GitHub\Dietrich Brewery\Physical\Config1\X20CP0482\AccessAndSecurity\CertificateStore\ThirdPartyCertificates\SoftwareCertificates\Package.pkg"
    LogicalPath="Config1.X20CP0482.AccessAndSecurity.CertificateStore.ThirdPartyCertificates.SoftwareCertificates"
    Type="Package"
    LastWriteTime="132813751320503201" />
  <Object
    Path="C:\Users\Shawn\Documents\GitHub\Dietrich Brewery\Physical\Config1\X20CP0482\AccessAndSecurity\CertificateStore\CertificateRevocationLists\Package.pkg"
    LogicalPath="Config1.X20CP0482.AccessAndSecurity.CertificateStore.CertificateRevocationLists"
    Type="Package"
    LastWriteTime="132813751306909909" />
  <Object
    Path="C:\Users\Shawn\Documents\GitHub\Dietrich Brewery\Physical\Config1\X20CP0482\AccessAndSecurity\CertificateStore\CertificateSigningRequests\Package.pkg"
    LogicalPath="Config1.X20CP0482.AccessAndSecurity.CertificateStore.CertificateSigningRequests"
    Type="Package"
    LastWriteTime="132813751308347041" />
  <Object
    Path="C:\Users\Shawn\Documents\GitHub\Dietrich Brewery\Physical\Config1\X20CP0482\AccessAndSecurity\TransportLayerSecurity\Package.pkg"
    LogicalPath="Config1.X20CP0482.AccessAndSecurity.TransportLayerSecurity"
    Type="Package"
    LastWriteTime="132813751327398840" />
  <Object
    Path="C:\Users\Shawn\Documents\GitHub\Dietrich Brewery\Physical\Config1\X20CP0482\AccessAndSecurity\Firewall\Package.pkg"
    LogicalPath="Config1.X20CP0482.AccessAndSecurity.Firewall"
    Type="Package"
    LastWriteTime="132813751323816675" />
  <Object
    Path="C:\Users\Shawn\Documents\GitHub\Dietrich Brewery\Physical\Config1\X20CP0482\AccessAndSecurity\Firewall\Rules.firewallRules"
    LogicalPath="Config1.X20CP0482.AccessAndSecurity.Firewall.Rules.firewallRules"
    Type="File"
    LastWriteTime="132813751323946300"
    Private="false" />
  <Object
    Path="C:\Users\Shawn\Documents\GitHub\Dietrich Brewery\Physical\Config1\X20CP0482\mappControl\Package.pkg"
    LogicalPath="Config1.X20CP0482.mappControl"
    Type="Package"
    LastWriteTime="132813751345502573" />
  <Object
    Path="C:\Users\Shawn\Documents\GitHub\Dietrich Brewery\Physical\Config1\X20CP0482\mappControl\Config.tempcontroller"
    LogicalPath="Config1.X20CP0482.mappControl.Config.tempcontroller"
    Type="File"
    LastWriteTime="132813751344983612"
    Private="false" />
  <Object
    Path="C:\Users\Shawn\Documents\GitHub\Dietrich Brewery\Physical\Config1\X20CP0482\mappMotion\Package.pkg"
    LogicalPath="Config1.X20CP0482.mappMotion"
    Type="Package"
    LastWriteTime="132813751345861850" />
  <Object
    Path="C:\Users\Shawn\Documents\GitHub\Dietrich Brewery\Physical\Config1\X20CP0482\mappServices\Package.pkg"
    LogicalPath="Config1.X20CP0482.mappServices"
    Type="Package"
    LastWriteTime="132813751350422703" />
  <Object
    Path="C:\Users\Shawn\Documents\GitHub\Dietrich Brewery\Physical\Config1\X20CP0482\mappServices\Config_1.mpalarmxcore"
    LogicalPath="Config1.X20CP0482.mappServices.Config_1.mpalarmxcore"
    Type="File"
    LastWriteTime="132813751349225102"
    Private="false" />
  <Object
    Path="C:\Users\Shawn\Documents\GitHub\Dietrich Brewery\Physical\Config1\X20CP0482\mappSafety\Package.pkg"
    LogicalPath="Config1.X20CP0482.mappSafety"
    Type="Package"
    LastWriteTime="132813751346660250" />
  <Object
    Path="C:\Users\Shawn\Documents\GitHub\Dietrich Brewery\Physical\Config1\X20CP0482\mappSafety\SafeApplication\Package.pkg"
    LogicalPath="Config1.X20CP0482.mappSafety.SafeApplication"
    Type="Package"
    LastWriteTime="132813751347490292" />
  <Object
    Path="C:\Users\Shawn\Documents\GitHub\Dietrich Brewery\Physical\Config1\X20CP0482\mappSafety\SafeCommissioning\Package.pkg"
    LogicalPath="Config1.X20CP0482.mappSafety.SafeCommissioning"
    Type="Package"
    LastWriteTime="132813751348915735" />
  <Object
    Path="C:\Users\Shawn\Documents\GitHub\Dietrich Brewery\Physical\Config1\X20CP0482\mappView\Package.pkg"
    LogicalPath="Config1.X20CP0482.mappView"
    Type="Package"
    LastWriteTime="132813751351700149" />
  <Object
    Path="C:\Users\Shawn\Documents\GitHub\Dietrich Brewery\Physical\Config1\X20CP0482\mappView\Config.mappviewcfg"
    LogicalPath="Config1.X20CP0482.mappView.Config.mappviewcfg"
    Type="File"
    LastWriteTime="132813751351320958"
    Private="false" />
  <Object
    Path="C:\Users\Shawn\Documents\GitHub\Dietrich Brewery\Physical\Config1\X20CP0482\mappView\Visualizat.vis"
    LogicalPath="Config1.X20CP0482.mappView.Visualizat.vis"
    Type="File"
    LastWriteTime="132813751351889757"
    Private="false" />
  <Object
    Path="C:\Users\Shawn\Documents\GitHub\Dietrich Brewery\Physical\Config1\X20CP0482\mappView\MainContent.binding"
    LogicalPath="Config1.X20CP0482.mappView.MainContent.binding"
    Type="File"
    LastWriteTime="132813865146238050"
    Private="false" />
  <Object
    Path="C:\Users\Shawn\Documents\GitHub\Dietrich Brewery\Physical\Config1\X20CP0482\mappVision\Package.pkg"
    LogicalPath="Config1.X20CP0482.mappVision"
    Type="Package"
    LastWriteTime="132813751354095347" />
  <Object
    Path="C:\Users\Shawn\Documents\GitHub\Dietrich Brewery\Physical\Config1\X20CP0482\mappCockpit\Package.pkg"
    LogicalPath="Config1.X20CP0482.mappCockpit"
    Type="Package"
    LastWriteTime="132813751344424721" />
  <Object
    Path="C:\Users\Shawn\Documents\GitHub\Dietrich Brewery\Physical\Config1\Hardware.jpg"
    LogicalPath="Config1.Hardware.jpg"
    Type="File"
    LastWriteTime="132813751295852083"
    Private="false" />
</Objects>